c:\users\daniel\source\repos\methods-course\combobox\debug\vc140.pdb
c:\users\daniel\source\repos\methods-course\combobox\debug\vc140.idb
c:\users\daniel\source\repos\methods-course\combobox\debug\combobox.obj
c:\users\daniel\source\repos\methods-course\combobox\debug\main.obj
c:\users\daniel\documents\visual studio 2015\git repos\combobox\debug\vc140.pdb
c:\users\daniel\documents\visual studio 2015\git repos\combobox\debug\vc140.idb
c:\users\daniel\documents\visual studio 2015\git repos\combobox\debug\combobox.obj
c:\users\daniel\documents\visual studio 2015\git repos\combobox\debug\main.obj
c:\users\daniel\documents\visual studio 2015\git repos\tofes\combobox\debug\vc140.pdb
c:\users\daniel\documents\visual studio 2015\git repos\tofes\combobox\debug\vc140.idb
c:\users\daniel\documents\visual studio 2015\git repos\tofes\combobox\debug\combobox.obj
c:\users\daniel\documents\visual studio 2015\git repos\tofes\combobox\debug\main.obj
c:\users\daniel\source\repos\methods-course\combobox\debug\combobox.ilk
c:\users\daniel\source\repos\methods-course\combobox\debug\combobox.exe
c:\users\daniel\source\repos\methods-course\combobox\debug\combobox.pdb
c:\users\daniel\documents\visual studio 2015\git repos\combobox\debug\combobox.ilk
c:\users\daniel\documents\visual studio 2015\git repos\combobox\debug\combobox.exe
c:\users\daniel\documents\visual studio 2015\git repos\combobox\debug\combobox.pdb
c:\users\daniel\documents\visual studio 2015\git repos\tofes\debug\combobox.ilk
c:\users\daniel\documents\visual studio 2015\git repos\tofes\debug\combobox.exe
c:\users\daniel\documents\visual studio 2015\git repos\tofes\debug\combobox.pdb
c:\users\daniel\documents\visual studio 2015\git repos\tofes\combobox\debug\combobox.ilk
c:\users\daniel\documents\visual studio 2015\git repos\tofes\combobox\debug\combobox.pdb
c:\users\daniel\documents\visual studio 2015\git repos\tofes\combobox\debug\combobox.tlog\cl.command.1.tlog
c:\users\daniel\documents\visual studio 2015\git repos\tofes\combobox\debug\combobox.tlog\cl.read.1.tlog
c:\users\daniel\documents\visual studio 2015\git repos\tofes\combobox\debug\combobox.tlog\cl.write.1.tlog
c:\users\daniel\documents\visual studio 2015\git repos\tofes\combobox\debug\combobox.tlog\link.command.1.tlog
c:\users\daniel\documents\visual studio 2015\git repos\tofes\combobox\debug\combobox.tlog\link.read.1.tlog
c:\users\daniel\documents\visual studio 2015\git repos\tofes\combobox\debug\combobox.tlog\link.write.1.tlog
