c:\users\daniel\documents\visual studio 2015\git repos\checklist\debug\vc140.pdb
c:\users\daniel\documents\visual studio 2015\git repos\checklist\debug\vc140.idb
c:\users\daniel\documents\visual studio 2015\git repos\checklist\debug\checklist.obj
c:\users\daniel\documents\visual studio 2015\git repos\checklist\debug\main.obj
c:\users\daniel\documents\visual studio 2015\git repos\tofes\checklist\debug\vc140.pdb
c:\users\daniel\documents\visual studio 2015\git repos\tofes\checklist\debug\vc140.idb
c:\users\daniel\documents\visual studio 2015\git repos\tofes\checklist\debug\checklist.obj
c:\users\daniel\documents\visual studio 2015\git repos\tofes\checklist\debug\main.obj
c:\users\daniel\documents\visual studio 2015\git repos\checklist\debug\checklist.ilk
c:\users\daniel\documents\visual studio 2015\git repos\checklist\debug\checklist.exe
c:\users\daniel\documents\visual studio 2015\git repos\checklist\debug\checklist.pdb
c:\users\daniel\documents\visual studio 2015\git repos\tofes\debug\checklist.ilk
c:\users\daniel\documents\visual studio 2015\git repos\tofes\debug\checklist.exe
c:\users\daniel\documents\visual studio 2015\git repos\tofes\debug\checklist.pdb
c:\users\daniel\documents\visual studio 2015\git repos\tofes\checklist\debug\checklist.ilk
c:\users\daniel\documents\visual studio 2015\git repos\tofes\checklist\debug\checklist.pdb
c:\users\daniel\documents\visual studio 2015\git repos\tofes\checklist\debug\checklist.tlog\cl.command.1.tlog
c:\users\daniel\documents\visual studio 2015\git repos\tofes\checklist\debug\checklist.tlog\cl.read.1.tlog
c:\users\daniel\documents\visual studio 2015\git repos\tofes\checklist\debug\checklist.tlog\cl.write.1.tlog
c:\users\daniel\documents\visual studio 2015\git repos\tofes\checklist\debug\checklist.tlog\link.command.1.tlog
c:\users\daniel\documents\visual studio 2015\git repos\tofes\checklist\debug\checklist.tlog\link.read.1.tlog
c:\users\daniel\documents\visual studio 2015\git repos\tofes\checklist\debug\checklist.tlog\link.write.1.tlog
