c:\users\daniel\documents\visual studio 2015\git repos\radiolist\debug\vc140.pdb
c:\users\daniel\documents\visual studio 2015\git repos\radiolist\debug\vc140.idb
c:\users\daniel\documents\visual studio 2015\git repos\radiolist\debug\main.obj
c:\users\daniel\documents\visual studio 2015\git repos\radiolist\debug\radiolist.obj
c:\users\daniel\documents\visual studio 2015\git repos\tofes\radiolist\debug\vc140.pdb
c:\users\daniel\documents\visual studio 2015\git repos\tofes\radiolist\debug\vc140.idb
c:\users\daniel\documents\visual studio 2015\git repos\tofes\radiolist\debug\main.obj
c:\users\daniel\documents\visual studio 2015\git repos\tofes\radiolist\debug\radiolist.obj
c:\users\daniel\documents\visual studio 2015\git repos\radiolist\debug\radiolist.ilk
c:\users\daniel\documents\visual studio 2015\git repos\radiolist\debug\radiolist.exe
c:\users\daniel\documents\visual studio 2015\git repos\radiolist\debug\radiolist.pdb
c:\users\daniel\documents\visual studio 2015\git repos\tofes\debug\radiolist.ilk
c:\users\daniel\documents\visual studio 2015\git repos\tofes\debug\radiolist.exe
c:\users\daniel\documents\visual studio 2015\git repos\tofes\debug\radiolist.pdb
c:\users\daniel\documents\visual studio 2015\git repos\tofes\radiolist\debug\radiolist.ilk
c:\users\daniel\documents\visual studio 2015\git repos\tofes\radiolist\debug\radiolist.pdb
c:\users\daniel\documents\visual studio 2015\git repos\tofes\radiolist\debug\radiolist.tlog\cl.command.1.tlog
c:\users\daniel\documents\visual studio 2015\git repos\tofes\radiolist\debug\radiolist.tlog\cl.read.1.tlog
c:\users\daniel\documents\visual studio 2015\git repos\tofes\radiolist\debug\radiolist.tlog\cl.write.1.tlog
c:\users\daniel\documents\visual studio 2015\git repos\tofes\radiolist\debug\radiolist.tlog\link.command.1.tlog
c:\users\daniel\documents\visual studio 2015\git repos\tofes\radiolist\debug\radiolist.tlog\link.read.1.tlog
c:\users\daniel\documents\visual studio 2015\git repos\tofes\radiolist\debug\radiolist.tlog\link.write.1.tlog
