c:\users\daniel\documents\visual studio 2015\git repos\textbox\debug\vc140.pdb
c:\users\daniel\documents\visual studio 2015\git repos\textbox\debug\vc140.idb
c:\users\daniel\documents\visual studio 2015\git repos\textbox\debug\textbox.obj
c:\users\daniel\documents\visual studio 2015\git repos\textbox\debug\main.obj
c:\users\daniel\documents\visual studio 2015\git repos\tofes\textbox\debug\vc140.pdb
c:\users\daniel\documents\visual studio 2015\git repos\tofes\textbox\debug\vc140.idb
c:\users\daniel\documents\visual studio 2015\git repos\tofes\textbox\debug\main.obj
c:\users\daniel\documents\visual studio 2015\git repos\tofes\textbox\debug\textbox.obj
c:\users\daniel\documents\visual studio 2015\git repos\textbox\debug\textbox.ilk
c:\users\daniel\documents\visual studio 2015\git repos\textbox\debug\textbox.exe
c:\users\daniel\documents\visual studio 2015\git repos\textbox\debug\textbox.pdb
c:\users\daniel\documents\visual studio 2015\git repos\tofes\debug\textbox.ilk
c:\users\daniel\documents\visual studio 2015\git repos\tofes\debug\textbox.exe
c:\users\daniel\documents\visual studio 2015\git repos\tofes\debug\textbox.pdb
c:\users\daniel\documents\visual studio 2015\git repos\tofes\textbox\debug\textbox.ilk
c:\users\daniel\documents\visual studio 2015\git repos\tofes\textbox\debug\textbox.pdb
c:\users\daniel\documents\visual studio 2015\git repos\tofes\textbox\debug\textbox.tlog\cl.command.1.tlog
c:\users\daniel\documents\visual studio 2015\git repos\tofes\textbox\debug\textbox.tlog\cl.read.1.tlog
c:\users\daniel\documents\visual studio 2015\git repos\tofes\textbox\debug\textbox.tlog\cl.write.1.tlog
c:\users\daniel\documents\visual studio 2015\git repos\tofes\textbox\debug\textbox.tlog\link.command.1.tlog
c:\users\daniel\documents\visual studio 2015\git repos\tofes\textbox\debug\textbox.tlog\link.read.1.tlog
c:\users\daniel\documents\visual studio 2015\git repos\tofes\textbox\debug\textbox.tlog\link.write.1.tlog
